[0m[[0m[0mdebug[0m] [0m[0m> Exec(testOnly pipeline.Datapathtest -- -DwriteVcd=1, Some(f0de699f-9a4b-4742-ac49-c595ac992c27), Some(CommandSource(console0)))[0m
[0m[[0m[0mdebug[0m] [0m[0mEvaluating tasks: Test / testOnly[0m
[0m[[0m[0mdebug[0m] [0m[0mRunning task... Cancel: Signal, check cycles: false, forcegc: true[0m
[0m[[0m[0minfo[0m] [0m[0mcompiling 1 Scala source to /home/kinzaa/Desktop/5-stage-pipeline-RV32I/target/scala-2.12/classes ...[0m
[0m[[0m[0minfo[0m] [0m[0m[32mDatapathtest:[0m[0m
[0m[[0m[0minfo[0m] [0m[0m[31m- Datapath Test *** FAILED ***[0m[0m
[0m[[0m[0minfo[0m] [0m[0m[31m  scala.UninitializedFieldError: Uninitialized field: /home/kinzaa/Desktop/5-stage-pipeline-RV32I/src/main/scala/pipeline/Datapath.scala: 92[0m[0m
[0m[[0m[0minfo[0m] [0m[0m[31m  at ... ()[0m[0m
[0m[[0m[0minfo[0m] [0m[0m[31m  at pipeline.Datapath.D_EX_rs1(Datapath.scala:92)[0m[0m
[0m[[0m[0minfo[0m] [0m[0m[31m  at pipeline.Datapath.$anonfun$new$2(Datapath.scala:23)[0m[0m
[0m[[0m[0minfo[0m] [0m[0m[31m  at chisel3.Data.$anonfun$$colon$eq$1(Data.scala:525)[0m[0m
[0m[[0m[0minfo[0m] [0m[0m[31m  at scala.runtime.java8.JFunction0$mcV$sp.apply(JFunction0$mcV$sp.java:23)[0m[0m
[0m[[0m[0minfo[0m] [0m[0m[31m  at chisel3.internal.prefix$.apply(prefix.scala:32)[0m[0m
[0m[[0m[0minfo[0m] [0m[0m[31m  at chisel3.Data.$colon$eq(Data.scala:525)[0m[0m
[0m[[0m[0minfo[0m] [0m[0m[31m  at pipeline.Datapath.<init>(Datapath.scala:23)[0m[0m
[0m[[0m[0minfo[0m] [0m[0m[31m  at pipeline.Datapathtest.$anonfun$new$2(Datapathtest.scala:10)[0m[0m
[0m[[0m[0minfo[0m] [0m[0m[31m  at ... ()[0m[0m
[0m[[0m[0minfo[0m] [0m[0m[31m  ...[0m[0m
[0m[[0m[0minfo[0m] [0m[0m[36mRun completed in 1 second, 75 milliseconds.[0m[0m
[0m[[0m[0minfo[0m] [0m[0m[36mTotal number of tests run: 1[0m[0m
[0m[[0m[0minfo[0m] [0m[0m[36mSuites: completed 1, aborted 0[0m[0m
[0m[[0m[0minfo[0m] [0m[0m[36mTests: succeeded 0, failed 1, canceled 0, ignored 0, pending 0[0m[0m
[0m[[0m[0minfo[0m] [0m[0m[31m*** 1 TEST FAILED ***[0m[0m
[0m[[0m[31merror[0m] [0m[0mFailed tests:[0m
[0m[[0m[31merror[0m] [0m[0m	pipeline.Datapathtest[0m
[0m[[0m[31merror[0m] [0m[0m(Test / [31mtestOnly[0m) sbt.TestsFailedException: Tests unsuccessful[0m
[0m[[0m[31merror[0m] [0m[0mTotal time: 4 s, completed Sep 4, 2024, 3:49:49 PM[0m
[0m[[0m[0mdebug[0m] [0m[0m> Exec(shell, None, None)[0m
[0m[[0m[0minfo[0m] [0m[0mshutting down sbt server[0m
